1590146482146	mozrunner::runner	INFO	Running command: "C:\\Program Files\\Mozilla Firefox\\firefox.exe" "-marionette" "-foreground" "-no-remote" "-profile" "C:\\Users\\Ziv\\AppData\\Local\\Temp\\rust_mozprofilepKdbzt"
1590146482628	addons.webextension.doh-rollout@mozilla.org	WARN	Loading extension 'doh-rollout@mozilla.org': Reading manifest: Invalid extension permission: networkStatus
1590146483123	addons.webextension.screenshots@mozilla.org	WARN	Loading extension 'screenshots@mozilla.org': Reading manifest: Invalid extension permission: mozillaAddons
1590146483123	addons.webextension.screenshots@mozilla.org	WARN	Loading extension 'screenshots@mozilla.org': Reading manifest: Invalid extension permission: telemetry
1590146483123	addons.webextension.screenshots@mozilla.org	WARN	Loading extension 'screenshots@mozilla.org': Reading manifest: Invalid extension permission: resource://pdf.js/
1590146483123	addons.webextension.screenshots@mozilla.org	WARN	Loading extension 'screenshots@mozilla.org': Reading manifest: Invalid extension permission: about:reader*
JavaScript error: resource://gre/modules/XULStore.jsm, line 66: Error: Can't find profile directory.
1590146486448	Marionette	INFO	Listening on port 59002
1590146486864	Marionette	WARN	TLS certificate errors will be ignored for this session
console.warn: LoginRecipes: "getRecipes: falling back to a synchronous message for:" "https://dl.reg.163.com"
JavaScript error: https://github.githubassets.com/assets/frameworks-fba35de1.js, line 1: AbortError: The operation was aborted. 
JavaScript warning: https://csdnimg.cn/public/common/libs/jquery/jquery-1.9.1.min.js, line 2: Using //@ to indicate sourceMappingURL pragmas is deprecated. Use //# instead
JavaScript warning: https://pos.baidu.com/rcvm?conwid=300&conhei=250&rdid=3163270&dc=3&exps=110011&psi=728018cad977b167cc3ecd50cf897787&di=u3163270&dri=0&dis=0&dai=2&ps=2216x104&enu=encoding&ant=0&dcb=___adblockplus_&dtm=HTML_POST&dvi=0.0&dci=-1&dpt=none&tsr=0&tpr=1590200766244&ti=%E5%90%9B%E7%94%9F%E6%88%91%E6%9C%AA%E7%94%9F%EF%BC%81Stata%20-%20%E8%AE%BA%E6%96%87%E4%B8%AD%E5%9F%BA%E6%9C%AC%E7%BB%9F%E8%AE%A1%E9%87%8F%E5%92%8C%E5%9B%9E%E5%BD%92%E8%A1%A8%E6%A0%BC%E8%BE%93%E5%87%BA%E5%88%B0word_python_Stata%E8%BF%9E%E4%BA%AB%E4%BC%9A-CSDN%E5%8D%9A%E5%AE%A2&ari=2&ver=0511&dbv=0&drs=1&pcs=1519x722&pss=1519x2216&cfv=0&cpl=0&chi=1&cce=true&cec=UTF-8&tlm=1590200766&prot=2&rw=722&ltu=https%3A%2F%2Fblog.csdn.net%2Farlionn%2Farticle%2Fdetails%2F80524203&ltr=https%3A%2F%2Fwww.baidu.com%2Flink%3Furl%3D_satAxjQTnCl4WnfguM9FcgogaIiDVVwVOAji05JHchzbpwbORaJRjXOjRyYc4ymWfDtjNWztmh0dr8dCNGfjq%26wd%3D%26eqid%3Dd2b7b9e40000ffe9000000035ec889b2&lcr=https%3A%2F%2Fwww.baidu.com%2Flink%3Furl%3D_satAxjQTnCl4WnfguM9FcgogaIiDVVwVOAji05JHchzbpwbORaJRjXOjRyYc4ymWfDtjNWztmh0dr8dCNGfjq%26wd%3D%26eqid%3Dd2b7b9e40000ffe9000000035ec889b2&ecd=1&uc=1536x824&pis=-1x-1&sr=1536x864&tcn=1590200766&qn=42f41fa45d4fd332&tt=1590200766194.83.243.243, line 137: unreachable code after return statement
JavaScript warning: https://pos.baidu.com/rcvm?conwid=300&conhei=250&rdid=3163270&dc=3&exps=110011&psi=728018cad977b167cc3ecd50cf897787&di=u3163270&dri=0&dis=0&dai=2&ps=2216x104&enu=encoding&ant=0&dcb=___adblockplus_&dtm=HTML_POST&dvi=0.0&dci=-1&dpt=none&tsr=0&tpr=1590200766244&ti=%E5%90%9B%E7%94%9F%E6%88%91%E6%9C%AA%E7%94%9F%EF%BC%81Stata%20-%20%E8%AE%BA%E6%96%87%E4%B8%AD%E5%9F%BA%E6%9C%AC%E7%BB%9F%E8%AE%A1%E9%87%8F%E5%92%8C%E5%9B%9E%E5%BD%92%E8%A1%A8%E6%A0%BC%E8%BE%93%E5%87%BA%E5%88%B0word_python_Stata%E8%BF%9E%E4%BA%AB%E4%BC%9A-CSDN%E5%8D%9A%E5%AE%A2&ari=2&ver=0511&dbv=0&drs=1&pcs=1519x722&pss=1519x2216&cfv=0&cpl=0&chi=1&cce=true&cec=UTF-8&tlm=1590200766&prot=2&rw=722&ltu=https%3A%2F%2Fblog.csdn.net%2Farlionn%2Farticle%2Fdetails%2F80524203&ltr=https%3A%2F%2Fwww.baidu.com%2Flink%3Furl%3D_satAxjQTnCl4WnfguM9FcgogaIiDVVwVOAji05JHchzbpwbORaJRjXOjRyYc4ymWfDtjNWztmh0dr8dCNGfjq%26wd%3D%26eqid%3Dd2b7b9e40000ffe9000000035ec889b2&lcr=https%3A%2F%2Fwww.baidu.com%2Flink%3Furl%3D_satAxjQTnCl4WnfguM9FcgogaIiDVVwVOAji05JHchzbpwbORaJRjXOjRyYc4ymWfDtjNWztmh0dr8dCNGfjq%26wd%3D%26eqid%3Dd2b7b9e40000ffe9000000035ec889b2&ecd=1&uc=1536x824&pis=-1x-1&sr=1536x864&tcn=1590200766&qn=42f41fa45d4fd332&tt=1590200766194.83.243.243, line 137: unreachable code after return statement
JavaScript warning: https://pos.baidu.com/rcvm?conwid=300&conhei=250&rdid=4269298&dc=3&exps=110011&psi=728018cad977b167cc3ecd50cf897787&di=u4269298&dri=0&dis=0&dai=5&ps=0x0&enu=encoding&ant=0&dcb=___adblockplus_&dtm=HTML_POST&dvi=0.0&dci=-1&dpt=none&tsr=0&tpr=1590200766244&ti=%E5%90%9B%E7%94%9F%E6%88%91%E6%9C%AA%E7%94%9F%EF%BC%81Stata%20-%20%E8%AE%BA%E6%96%87%E4%B8%AD%E5%9F%BA%E6%9C%AC%E7%BB%9F%E8%AE%A1%E9%87%8F%E5%92%8C%E5%9B%9E%E5%BD%92%E8%A1%A8%E6%A0%BC%E8%BE%93%E5%87%BA%E5%88%B0word_python_Stata%E8%BF%9E%E4%BA%AB%E4%BC%9A-CSDN%E5%8D%9A%E5%AE%A2&ari=2&ver=0511&dbv=0&drs=1&pcs=1519x722&pss=1519x19519&cfv=0&cpl=0&chi=1&cce=true&cec=UTF-8&tlm=1590200766&prot=2&rw=722&ltu=https%3A%2F%2Fblog.csdn.net%2Farlionn%2Farticle%2Fdetails%2F80524203&ltr=https%3A%2F%2Fwww.baidu.com%2Flink%3Furl%3D_satAxjQTnCl4WnfguM9FcgogaIiDVVwVOAji05JHchzbpwbORaJRjXOjRyYc4ymWfDtjNWztmh0dr8dCNGfjq%26wd%3D%26eqid%3Dd2b7b9e40000ffe9000000035ec889b2&lcr=https%3A%2F%2Fwww.baidu.com%2Flink%3Furl%3D_satAxjQTnCl4WnfguM9FcgogaIiDVVwVOAji05JHchzbpwbORaJRjXOjRyYc4ymWfDtjNWztmh0dr8dCNGfjq%26wd%3D%26eqid%3Dd2b7b9e40000ffe9000000035ec889b2&ecd=1&uc=1536x824&pis=-1x-1&sr=1536x864&tcn=1590200767&qn=1f438a0fbce6760a&tt=1590200766509.111.251.251, line 137: unreachable code after return statement
JavaScript warning: https://pos.baidu.com/rcvm?conwid=300&conhei=250&rdid=4269298&dc=3&exps=110011&psi=728018cad977b167cc3ecd50cf897787&di=u4269298&dri=0&dis=0&dai=5&ps=0x0&enu=encoding&ant=0&dcb=___adblockplus_&dtm=HTML_POST&dvi=0.0&dci=-1&dpt=none&tsr=0&tpr=1590200766244&ti=%E5%90%9B%E7%94%9F%E6%88%91%E6%9C%AA%E7%94%9F%EF%BC%81Stata%20-%20%E8%AE%BA%E6%96%87%E4%B8%AD%E5%9F%BA%E6%9C%AC%E7%BB%9F%E8%AE%A1%E9%87%8F%E5%92%8C%E5%9B%9E%E5%BD%92%E8%A1%A8%E6%A0%BC%E8%BE%93%E5%87%BA%E5%88%B0word_python_Stata%E8%BF%9E%E4%BA%AB%E4%BC%9A-CSDN%E5%8D%9A%E5%AE%A2&ari=2&ver=0511&dbv=0&drs=1&pcs=1519x722&pss=1519x19519&cfv=0&cpl=0&chi=1&cce=true&cec=UTF-8&tlm=1590200766&prot=2&rw=722&ltu=https%3A%2F%2Fblog.csdn.net%2Farlionn%2Farticle%2Fdetails%2F80524203&ltr=https%3A%2F%2Fwww.baidu.com%2Flink%3Furl%3D_satAxjQTnCl4WnfguM9FcgogaIiDVVwVOAji05JHchzbpwbORaJRjXOjRyYc4ymWfDtjNWztmh0dr8dCNGfjq%26wd%3D%26eqid%3Dd2b7b9e40000ffe9000000035ec889b2&lcr=https%3A%2F%2Fwww.baidu.com%2Flink%3Furl%3D_satAxjQTnCl4WnfguM9FcgogaIiDVVwVOAji05JHchzbpwbORaJRjXOjRyYc4ymWfDtjNWztmh0dr8dCNGfjq%26wd%3D%26eqid%3Dd2b7b9e40000ffe9000000035ec889b2&ecd=1&uc=1536x824&pis=-1x-1&sr=1536x864&tcn=1590200767&qn=1f438a0fbce6760a&tt=1590200766509.111.251.251, line 137: unreachable code after return statement
JavaScript error: https://nbrecsys.4paradigm.com/sdk/js/ParadigmSDK_v3.js, line 18: TypeError: document.body is null
JavaScript warning: https://g.alicdn.com/secdev/sufei_data/3.9.0/index.js, line 1: WebGL context was lost.
JavaScript warning: https://g.alicdn.com/secdev/nsv/1.0.78/ns_e_88_3_n.js, line 4: WebGL context was lost.
JavaScript error: , line 0: NS_ERROR_NOT_AVAILABLE
JavaScript error: resource:///actors/AboutReaderChild.jsm, line 95: NS_ERROR_UNEXPECTED: 
cfe/sentry-script@latest/dist/init.js, line 1: Script terminated by timeout at:
i@https://unpkg.zhimg.com/@cfe/sentry-script@latest/dist/init.js:1:1

1590204557165	Marionette	INFO	Stopped listening on port 59002

###!!! [Child][MessageChannel::SendAndWait] Error: Channel error: cannot send/recv

WARN	Loading extension 'screenshots@mozilla.org': Reading manifest: Invalid extension permission: mozillaAddons
1590149162557	addons.webextension.screenshots@mozilla.org	WARN	Loading extension 'screenshots@mozilla.org': Reading manifest: Invalid extension permission: telemetry
1590149162557	addons.webextension.screenshots@mozilla.org	WARN	Loading extension 'screenshots@mozilla.org': Reading manifest: Invalid extension permission: resource://pdf.js/
1590149162557	addons.webextension.screenshots@mozilla.org	WARN	Loading extension 'screenshots@mozilla.org': Reading manifest: Invalid extension permission: about:reader*
JavaScript error: resource://gre/modules/XULStore.jsm, line 66: Error: Can't find profile directory.
1590149166594	Marionette	INFO	Listening on port 60520
1590149167026	Marionette	WARN	TLS certificate errors will be ignored for this session

###!!! [Child][RunMessage] Error: Channel closing: too late to send/recv, messages will be lost

1590149475257	Marionette	INFO	Stopped listening on port 60520

###!!! [Child][RunMessage] Error: Channel closing: too late to send/recv, messages will be lost


###!!! [Child][MessageChannel::SendAndWait] Error: Channel error: cannot send/recv

xtension permission: networkStatus
1590149412091	addons.webextension.screenshots@mozilla.org	WARN	Loading extension 'screenshots@mozilla.org': Reading manifest: Invalid extension permission: mozillaAddons
1590149412091	addons.webextension.screenshots@mozilla.org	WARN	Loading extension 'screenshots@mozilla.org': Reading manifest: Invalid extension permission: telemetry
1590149412091	addons.webextension.screenshots@mozilla.org	WARN	Loading extension 'screenshots@mozilla.org': Reading manifest: Invalid extension permission: resource://pdf.js/
1590149412091	addons.webextension.screenshots@mozilla.org	WARN	Loading extension 'screenshots@mozilla.org': Reading manifest: Invalid extension permission: about:reader*
JavaScript error: resource://gre/modules/XULStore.jsm, line 66: Error: Can't find profile directory.
1590149415201	Marionette	INFO	Listening on port 60661
1590149415630	Marionette	WARN	TLS certificate errors will be ignored for this session
1590149468117	Marionette	INFO	Stopped listening on port 60661

###!!! [Child][RunMessage] Error: Channel closing: too late to send/recv, messages will be lost


###!!! [Child][MessageChannel::SendAndWait] Error: Channel error: cannot send/recv

1590149481626	mozrunner::runner	INFO	Running command: "C:\\Program Files\\Mozilla Firefox\\firefox.exe" "-marionette" "-foreground" "-no-remote" "-profile" "C:\\Users\\Ziv\\AppData\\Local\\Temp\\rust_mozprofileKc5n4q"
1590149482050	addons.webextension.doh-rollout@mozilla.org	WARN	Loading extension 'doh-rollout@mozilla.org': Reading manifest: Invalid extension permission: networkStatus
1590149482529	addons.webextension.screenshots@mozilla.org	WARN	Loading extension 'screenshots@mozilla.org': Reading manifest: Invalid extension permission: mozillaAddons
1590149482529	addons.webextension.screenshots@mozilla.org	WARN	Loading extension 'screenshots@mozilla.org': Reading manifest: Invalid extension permission: telemetry
1590149482530	addons.webextension.screenshots@mozilla.org	WARN	Loading extension 'screenshots@mozilla.org': Reading manifest: Invalid extension permission: resource://pdf.js/
1590149482530	addons.webextension.screenshots@mozilla.org	WARN	Loading extension 'screenshots@mozilla.org': Reading manifest: Invalid extension permission: about:reader*
JavaScript error: resource://gre/modules/XULStore.jsm, line 66: Error: Can't find profile directory.
1590149485491	Marionette	INFO	Listening on port 60762
1590149485740	Marionette	WARN	TLS certificate errors will be ignored for this session
1590149500942	Marionette	INFO	Stopped listening on port 60762

###!!! [Child][RunMessage] Error: Channel closing: too late to send/recv, messages will be lost


###!!! [Child][RunMessage] Error: Channel closing: too late to send/recv, messages will be lost


###!!! [Child][MessageChannel::SendAndWait] Error: Channel error: cannot send/recv

1591281219569	mozrunner::runner	INFO	Running command: "C:\\Program Files\\Mozilla Firefox\\firefox.exe" "-marionette" "-foreground" "-no-remote" "-profile" "C:\\Users\\Ziv\\AppData\\Local\\Temp\\rust_mozprofile019SxC"
1591281220010	addons.webextension.doh-rollout@mozilla.org	WARN	Loading extension 'doh-rollout@mozilla.org': Reading manifest: Invalid extension permission: networkStatus
1591281220490	addons.webextension.screenshots@mozilla.org	WARN	Loading extension 'screenshots@mozilla.org': Reading manifest: Invalid extension permission: mozillaAddons
1591281220490	addons.webextension.screenshots@mozilla.org	WARN	Loading extension 'screenshots@mozilla.org': Reading manifest: Invalid extension permission: telemetry
1591281220490	addons.webextension.screenshots@mozilla.org	WARN	Loading extension 'screenshots@mozilla.org': Reading manifest: Invalid extension permission: resource://pdf.js/
1591281220490	addons.webextension.screenshots@mozilla.org	WARN	Loading extension 'screenshots@mozilla.org': Reading manifest: Invalid extension permission: about:reader*
JavaScript error: resource://gre/modules/XULStore.jsm, line 66: Error: Can't find profile directory.
1591281222963	Marionette	INFO	Listening on port 54961
1591281223182	Marionette	WARN	TLS certificate errors will be ignored for this session
JavaScript error: resource://gre/modules/NetworkGeolocationProvider.jsm, line 555: TypeError: xhr.response.location is undefined
